  main.cpp
  ServerHandler.cpp
  Generating Code...
main.obj : error LNK2019: unresolved external symbol "__declspec(dllimport) public: float __thiscall sf::Time::asSeconds(void)const " (__imp_?asSeconds@Time@sf@@QBEMXZ) referenced in function _main
main.obj : error LNK2019: unresolved external symbol "__declspec(dllimport) public: __thiscall sf::Clock::Clock(void)" (__imp_??0Clock@sf@@QAE@XZ) referenced in function _main
main.obj : error LNK2019: unresolved external symbol "__declspec(dllimport) public: class sf::Time __thiscall sf::Clock::restart(void)" (__imp_?restart@Clock@sf@@QAE?AVTime@2@XZ) referenced in function _main
main.obj : error LNK2019: unresolved external symbol "__declspec(dllimport) public: __thiscall sf::String::String(char const *,class std::locale const &)" (__imp_??0String@sf@@QAE@PBDABVlocale@std@@@Z) referenced in function _main
main.obj : error LNK2019: unresolved external symbol "__declspec(dllimport) public: __thiscall sf::String::String(class std::basic_string<char,struct std::char_traits<char>,class std::allocator<char> > const &,class std::locale const &)" (__imp_??0String@sf@@QAE@ABV?$basic_string@DU?$char_traits@D@std@@V?$allocator@D@2@@std@@ABVlocale@3@@Z) referenced in function _main
main.obj : error LNK2019: unresolved external symbol "__declspec(dllimport) public: __thiscall sf::String::~String(void)" (__imp_??1String@sf@@QAE@XZ) referenced in function _main
main.obj : error LNK2019: unresolved external symbol "__declspec(dllimport) public: __thiscall sf::Packet::Packet(void)" (__imp_??0Packet@sf@@QAE@XZ) referenced in function _main
ServerHandler.obj : error LNK2001: unresolved external symbol "__declspec(dllimport) public: __thiscall sf::Packet::Packet(void)" (__imp_??0Packet@sf@@QAE@XZ)
main.obj : error LNK2019: unresolved external symbol "__declspec(dllimport) public: virtual __thiscall sf::Packet::~Packet(void)" (__imp_??1Packet@sf@@UAE@XZ) referenced in function _main
ServerHandler.obj : error LNK2001: unresolved external symbol "__declspec(dllimport) public: virtual __thiscall sf::Packet::~Packet(void)" (__imp_??1Packet@sf@@UAE@XZ)
main.obj : error LNK2019: unresolved external symbol "__declspec(dllimport) public: class sf::Packet & __thiscall sf::Packet::operator<<(char const *)" (__imp_??6Packet@sf@@QAEAAV01@PBD@Z) referenced in function _main
ServerHandler.obj : error LNK2001: unresolved external symbol "__declspec(dllimport) public: class sf::Packet & __thiscall sf::Packet::operator<<(char const *)" (__imp_??6Packet@sf@@QAEAAV01@PBD@Z)
main.obj : error LNK2019: unresolved external symbol "__declspec(dllimport) public: __thiscall sf::Packet::Packet(class sf::Packet const &)" (__imp_??0Packet@sf@@QAE@ABV01@@Z) referenced in function _main
ServerHandler.obj : error LNK2001: unresolved external symbol "__declspec(dllimport) public: __thiscall sf::Packet::Packet(class sf::Packet const &)" (__imp_??0Packet@sf@@QAE@ABV01@@Z)
main.obj : error LNK2019: unresolved external symbol "__declspec(dllimport) public: __thiscall sf::VideoMode::VideoMode(unsigned int,unsigned int,unsigned int)" (__imp_??0VideoMode@sf@@QAE@III@Z) referenced in function _main
main.obj : error LNK2019: unresolved external symbol "__declspec(dllimport) public: bool __thiscall sf::WindowBase::isOpen(void)const " (__imp_?isOpen@WindowBase@sf@@QBE_NXZ) referenced in function _main
main.obj : error LNK2019: unresolved external symbol "__declspec(dllimport) public: bool __thiscall sf::WindowBase::pollEvent(class sf::Event &)" (__imp_?pollEvent@WindowBase@sf@@QAE_NAAVEvent@2@@Z) referenced in function _main
main.obj : error LNK2019: unresolved external symbol "__declspec(dllimport) public: virtual void __thiscall sf::Window::close(void)" (__imp_?close@Window@sf@@UAEXXZ) referenced in function _main
main.obj : error LNK2019: unresolved external symbol "__declspec(dllimport) public: void __thiscall sf::Window::setFramerateLimit(unsigned int)" (__imp_?setFramerateLimit@Window@sf@@QAEXI@Z) referenced in function _main
main.obj : error LNK2019: unresolved external symbol "__declspec(dllimport) public: void __thiscall sf::Window::display(void)" (__imp_?display@Window@sf@@QAEXXZ) referenced in function _main
main.obj : error LNK2019: unresolved external symbol "__declspec(dllimport) public: __thiscall sf::Color::Color(unsigned char,unsigned char,unsigned char,unsigned char)" (__imp_??0Color@sf@@QAE@EEEE@Z) referenced in function _main
main.obj : error LNK2019: unresolved external symbol "__declspec(dllimport) public: __thiscall sf::Texture::Texture(void)" (__imp_??0Texture@sf@@QAE@XZ) referenced in function _main
main.obj : error LNK2019: unresolved external symbol "__declspec(dllimport) public: __thiscall sf::Texture::~Texture(void)" (__imp_??1Texture@sf@@QAE@XZ) referenced in function _main
main.obj : error LNK2019: unresolved external symbol "__declspec(dllimport) public: bool __thiscall sf::Texture::loadFromFile(class std::basic_string<char,struct std::char_traits<char>,class std::allocator<char> > const &,class sf::Rect<int> const &)" (__imp_?loadFromFile@Texture@sf@@QAE_NABV?$basic_string@DU?$char_traits@D@std@@V?$allocator@D@2@@std@@ABV?$Rect@H@2@@Z) referenced in function _main
main.obj : error LNK2019: unresolved external symbol "__declspec(dllimport) public: void __thiscall sf::Texture::setRepeated(bool)" (__imp_?setRepeated@Texture@sf@@QAEX_N@Z) referenced in function _main
main.obj : error LNK2019: unresolved external symbol "__declspec(dllimport) public: __thiscall sf::Font::Font(void)" (__imp_??0Font@sf@@QAE@XZ) referenced in function _main
main.obj : error LNK2019: unresolved external symbol "__declspec(dllimport) public: __thiscall sf::Font::~Font(void)" (__imp_??1Font@sf@@QAE@XZ) referenced in function _main
main.obj : error LNK2019: unresolved external symbol "__declspec(dllimport) public: bool __thiscall sf::Font::loadFromFile(class std::basic_string<char,struct std::char_traits<char>,class std::allocator<char> > const &)" (__imp_?loadFromFile@Font@sf@@QAE_NABV?$basic_string@DU?$char_traits@D@std@@V?$allocator@D@2@@std@@@Z) referenced in function _main
main.obj : error LNK2019: unresolved external symbol "__declspec(dllimport) public: void __thiscall sf::RenderTarget::clear(class sf::Color const &)" (__imp_?clear@RenderTarget@sf@@QAEXABVColor@2@@Z) referenced in function _main
main.obj : error LNK2019: unresolved external symbol "__declspec(dllimport) public: void __thiscall sf::RenderTarget::draw(class sf::Drawable const &,class sf::RenderStates const &)" (__imp_?draw@RenderTarget@sf@@QAEXABVDrawable@2@ABVRenderStates@2@@Z) referenced in function _main
main.obj : error LNK2019: unresolved external symbol "__declspec(dllimport) public: __thiscall sf::RenderWindow::RenderWindow(class sf::VideoMode,class sf::String const &,unsigned int,struct sf::ContextSettings const &)" (__imp_??0RenderWindow@sf@@QAE@VVideoMode@1@ABVString@1@IABUContextSettings@1@@Z) referenced in function _main
main.obj : error LNK2019: unresolved external symbol "__declspec(dllimport) public: virtual __thiscall sf::RenderWindow::~RenderWindow(void)" (__imp_??1RenderWindow@sf@@UAE@XZ) referenced in function _main
main.obj : error LNK2019: unresolved external symbol "__declspec(dllimport) public: __thiscall sf::Sprite::Sprite(void)" (__imp_??0Sprite@sf@@QAE@XZ) referenced in function _main
main.obj : error LNK2019: unresolved external symbol "__declspec(dllimport) public: void __thiscall sf::Sprite::setTexture(class sf::Texture const &,bool)" (__imp_?setTexture@Sprite@sf@@QAEXABVTexture@2@_N@Z) referenced in function _main
main.obj : error LNK2019: unresolved external symbol "__declspec(dllimport) public: void __thiscall sf::Sprite::setTextureRect(class sf::Rect<int> const &)" (__imp_?setTextureRect@Sprite@sf@@QAEXABV?$Rect@H@2@@Z) referenced in function _main
main.obj : error LNK2019: unresolved external symbol "__declspec(dllimport) public: virtual __thiscall sf::Sprite::~Sprite(void)" (__imp_??1Sprite@sf@@UAE@XZ) referenced in function _main
main.obj : error LNK2019: unresolved external symbol "__declspec(dllimport) public: __thiscall sf::Text::Text(void)" (__imp_??0Text@sf@@QAE@XZ) referenced in function _main
main.obj : error LNK2019: unresolved external symbol "__declspec(dllimport) public: void __thiscall sf::Text::setString(class sf::String const &)" (__imp_?setString@Text@sf@@QAEXABVString@2@@Z) referenced in function _main
main.obj : error LNK2019: unresolved external symbol "__declspec(dllimport) public: void __thiscall sf::Text::setFont(class sf::Font const &)" (__imp_?setFont@Text@sf@@QAEXABVFont@2@@Z) referenced in function _main
main.obj : error LNK2019: unresolved external symbol "__declspec(dllimport) public: void __thiscall sf::Text::setOutlineColor(class sf::Color const &)" (__imp_?setOutlineColor@Text@sf@@QAEXABVColor@2@@Z) referenced in function _main
main.obj : error LNK2019: unresolved external symbol "__declspec(dllimport) public: void __thiscall sf::Text::setOutlineThickness(float)" (__imp_?setOutlineThickness@Text@sf@@QAEXM@Z) referenced in function _main
main.obj : error LNK2019: unresolved external symbol "__declspec(dllimport) public: virtual __thiscall sf::Text::~Text(void)" (__imp_??1Text@sf@@UAE@XZ) referenced in function _main
main.obj : error LNK2019: unresolved external symbol "__declspec(dllimport) public: static class sf::RenderStates const sf::RenderStates::Default" (__imp_?Default@RenderStates@sf@@2V12@B) referenced in function _main
main.obj : error LNK2019: unresolved external symbol "__declspec(dllimport) public: static class sf::Color const sf::Color::Black" (__imp_?Black@Color@sf@@2V12@B) referenced in function _main
ServerHandler.obj : error LNK2019: unresolved external symbol "__declspec(dllimport) class sf::Time __cdecl sf::milliseconds(int)" (__imp_?milliseconds@sf@@YA?AVTime@1@H@Z) referenced in function "public: void __thiscall ServerHandler::handleConnections(void)" (?handleConnections@ServerHandler@@QAEXXZ)
ServerHandler.obj : error LNK2019: unresolved external symbol "__declspec(dllimport) public: __thiscall sf::TcpSocket::TcpSocket(void)" (__imp_??0TcpSocket@sf@@QAE@XZ) referenced in function "public: class sf::TcpSocket * __thiscall ServerHandler::handleTCP(void)" (?handleTCP@ServerHandler@@QAEPAVTcpSocket@sf@@XZ)
ServerHandler.obj : error LNK2019: unresolved external symbol "__declspec(dllimport) public: class sf::IpAddress __thiscall sf::TcpSocket::getRemoteAddress(void)const " (__imp_?getRemoteAddress@TcpSocket@sf@@QBE?AVIpAddress@2@XZ) referenced in function "public: void __thiscall ServerHandler::handleConnections(void)" (?handleConnections@ServerHandler@@QAEXXZ)
ServerHandler.obj : error LNK2019: unresolved external symbol "__declspec(dllimport) public: void __thiscall sf::TcpSocket::disconnect(void)" (__imp_?disconnect@TcpSocket@sf@@QAEXXZ) referenced in function "public: void __thiscall ServerHandler::disconnectClient(struct Client *)" (?disconnectClient@ServerHandler@@QAEXPAUClient@@@Z)
ServerHandler.obj : error LNK2019: unresolved external symbol "__declspec(dllimport) public: enum sf::Socket::Status __thiscall sf::TcpSocket::send(class sf::Packet &)" (__imp_?send@TcpSocket@sf@@QAE?AW4Status@Socket@2@AAVPacket@2@@Z) referenced in function "public: void __thiscall ServerHandler::sendDataTCP(class sf::TcpSocket &,class sf::Packet)" (?sendDataTCP@ServerHandler@@QAEXAAVTcpSocket@sf@@VPacket@3@@Z)
ServerHandler.obj : error LNK2019: unresolved external symbol "__declspec(dllimport) public: enum sf::Socket::Status __thiscall sf::TcpSocket::receive(class sf::Packet &)" (__imp_?receive@TcpSocket@sf@@QAE?AW4Status@Socket@2@AAVPacket@2@@Z) referenced in function "public: struct Packet __thiscall ServerHandler::receiveDataTCP(class sf::TcpSocket &)" (?receiveDataTCP@ServerHandler@@QAE?AUPacket@@AAVTcpSocket@sf@@@Z)
ServerHandler.obj : error LNK2019: unresolved external symbol "__declspec(dllimport) public: virtual __thiscall sf::TcpSocket::~TcpSocket(void)" (__imp_??1TcpSocket@sf@@UAE@XZ) referenced in function "public: virtual void * __thiscall sf::TcpSocket::`scalar deleting destructor'(unsigned int)" (??_GTcpSocket@sf@@UAEPAXI@Z)
ServerHandler.obj : error LNK2019: unresolved external symbol "__declspec(dllimport) public: class std::basic_string<char,struct std::char_traits<char>,class std::allocator<char> > __thiscall sf::IpAddress::toString(void)const " (__imp_?toString@IpAddress@sf@@QBE?AV?$basic_string@DU?$char_traits@D@std@@V?$allocator@D@2@@std@@XZ) referenced in function "public: void __thiscall ServerHandler::handleConnections(void)" (?handleConnections@ServerHandler@@QAEXXZ)
ServerHandler.obj : error LNK2019: unresolved external symbol "__declspec(dllimport) public: class sf::Packet & __thiscall sf::Packet::operator>>(class std::basic_string<char,struct std::char_traits<char>,class std::allocator<char> > &)" (__imp_??5Packet@sf@@QAEAAV01@AAV?$basic_string@DU?$char_traits@D@std@@V?$allocator@D@2@@std@@@Z) referenced in function "public: void __thiscall ServerHandler::handleConnections(void)" (?handleConnections@ServerHandler@@QAEXXZ)
ServerHandler.obj : error LNK2019: unresolved external symbol "__declspec(dllimport) public: class sf::Packet & __thiscall sf::Packet::operator<<(int)" (__imp_??6Packet@sf@@QAEAAV01@H@Z) referenced in function "public: void __thiscall ServerHandler::handleGameLogic(void)" (?handleGameLogic@ServerHandler@@QAEXXZ)
ServerHandler.obj : error LNK2019: unresolved external symbol "__declspec(dllimport) public: class sf::Packet & __thiscall sf::Packet::operator=(class sf::Packet const &)" (__imp_??4Packet@sf@@QAEAAV01@ABV01@@Z) referenced in function "public: __thiscall Packet::Packet(class sf::Packet)" (??0Packet@@QAE@V0sf@@@Z)
ServerHandler.obj : error LNK2019: unresolved external symbol "__declspec(dllimport) public: __thiscall sf::SocketSelector::SocketSelector(void)" (__imp_??0SocketSelector@sf@@QAE@XZ) referenced in function "public: __thiscall ServerHandler::ServerHandler(class std::basic_string<char,struct std::char_traits<char>,class std::allocator<char> >,unsigned short)" (??0ServerHandler@@QAE@V?$basic_string@DU?$char_traits@D@std@@V?$allocator@D@2@@std@@G@Z)
ServerHandler.obj : error LNK2019: unresolved external symbol "__declspec(dllimport) public: __thiscall sf::SocketSelector::~SocketSelector(void)" (__imp_??1SocketSelector@sf@@QAE@XZ) referenced in function __unwindfunclet$??0ServerHandler@@QAE@V?$basic_string@DU?$char_traits@D@std@@V?$allocator@D@2@@std@@G@Z$2
ServerHandler.obj : error LNK2019: unresolved external symbol "__declspec(dllimport) public: void __thiscall sf::SocketSelector::add(class sf::Socket &)" (__imp_?add@SocketSelector@sf@@QAEXAAVSocket@2@@Z) referenced in function "public: void __thiscall ServerHandler::connect(void)" (?connect@ServerHandler@@QAEXXZ)
ServerHandler.obj : error LNK2019: unresolved external symbol "__declspec(dllimport) public: bool __thiscall sf::SocketSelector::wait(class sf::Time)" (__imp_?wait@SocketSelector@sf@@QAE_NVTime@2@@Z) referenced in function "public: void __thiscall ServerHandler::handleConnections(void)" (?handleConnections@ServerHandler@@QAEXXZ)
ServerHandler.obj : error LNK2019: unresolved external symbol "__declspec(dllimport) public: bool __thiscall sf::SocketSelector::isReady(class sf::Socket &)const " (__imp_?isReady@SocketSelector@sf@@QBE_NAAVSocket@2@@Z) referenced in function "public: void __thiscall ServerHandler::handleConnections(void)" (?handleConnections@ServerHandler@@QAEXXZ)
ServerHandler.obj : error LNK2019: unresolved external symbol "__declspec(dllimport) public: __thiscall sf::TcpListener::TcpListener(void)" (__imp_??0TcpListener@sf@@QAE@XZ) referenced in function "public: __thiscall ServerHandler::ServerHandler(class std::basic_string<char,struct std::char_traits<char>,class std::allocator<char> >,unsigned short)" (??0ServerHandler@@QAE@V?$basic_string@DU?$char_traits@D@std@@V?$allocator@D@2@@std@@G@Z)
ServerHandler.obj : error LNK2019: unresolved external symbol "__declspec(dllimport) public: enum sf::Socket::Status __thiscall sf::TcpListener::listen(unsigned short,class sf::IpAddress const &)" (__imp_?listen@TcpListener@sf@@QAE?AW4Status@Socket@2@GABVIpAddress@2@@Z) referenced in function "public: void __thiscall ServerHandler::connect(void)" (?connect@ServerHandler@@QAEXXZ)
ServerHandler.obj : error LNK2019: unresolved external symbol "__declspec(dllimport) public: enum sf::Socket::Status __thiscall sf::TcpListener::accept(class sf::TcpSocket &)" (__imp_?accept@TcpListener@sf@@QAE?AW4Status@Socket@2@AAVTcpSocket@2@@Z) referenced in function "public: class sf::TcpSocket * __thiscall ServerHandler::handleTCP(void)" (?handleTCP@ServerHandler@@QAEPAVTcpSocket@sf@@XZ)
ServerHandler.obj : error LNK2019: unresolved external symbol "__declspec(dllimport) public: virtual __thiscall sf::TcpListener::~TcpListener(void)" (__imp_??1TcpListener@sf@@UAE@XZ) referenced in function __unwindfunclet$??0ServerHandler@@QAE@V?$basic_string@DU?$char_traits@D@std@@V?$allocator@D@2@@std@@G@Z$3
ServerHandler.obj : error LNK2019: unresolved external symbol "__declspec(dllimport) public: __thiscall sf::UdpSocket::UdpSocket(void)" (__imp_??0UdpSocket@sf@@QAE@XZ) referenced in function "public: class sf::UdpSocket * __thiscall ServerHandler::handleUDP(void)" (?handleUDP@ServerHandler@@QAEPAVUdpSocket@sf@@XZ)
ServerHandler.obj : error LNK2019: unresolved external symbol "__declspec(dllimport) public: virtual __thiscall sf::UdpSocket::~UdpSocket(void)" (__imp_??1UdpSocket@sf@@UAE@XZ) referenced in function "public: virtual void * __thiscall sf::UdpSocket::`scalar deleting destructor'(unsigned int)" (??_GUdpSocket@sf@@UAEPAXI@Z)
ServerHandler.obj : error LNK2019: unresolved external symbol "__declspec(dllimport) public: static class sf::IpAddress const sf::IpAddress::Any" (__imp_?Any@IpAddress@sf@@2V12@B) referenced in function "public: void __thiscall ServerHandler::connect(void)" (?connect@ServerHandler@@QAEXXZ)
C:\Users\smsmk\OneDrive\Desktop\University\Abertay\Year_3\Semester_1\CMP303 - Networking\Coursework\Server\CMP303-TanksMultiplayer\SFML-2.6.1\lib\sfml-system-s.lib : warning LNK4272: library machine type 'x64' conflicts with target machine type 'x86'
C:\Users\smsmk\OneDrive\Desktop\University\Abertay\Year_3\Semester_1\CMP303 - Networking\Coursework\Server\Debug\CMP303-TanksMultiplayer.exe : fatal error LNK1120: 63 unresolved externals
